[2025-03-13T10:28:28+00][INFO] ####### Starting VM Public IP Upgrade process... #######
[2025-03-13T10:29:02+00][INFO] Continuing with script...
[2025-03-13T10:29:02+00][INFO] Creating recovery log file at 'PublicIPUpgrade_Recovery_2025-03-13-10-28.csv'
[2025-03-13T10:29:02+00][INFO] Getting VM 'cb-tools-vm-basic-01' in resource group 'cb-tools'...
[2025-03-13T10:29:03+00][INFO] Processing VM 'cb-tools-vm-basic-01', id: /subscriptions/e44872b2-e898-46d0-800f-59752a564718/resourceGroups/cb-tools/providers/Microsoft.Compute/virtualMachines/cb-tools-vm-basic-01...
[2025-03-13T10:29:03+00][INFO] Checking that VM 'cb-tools-vm-basic-01' has public IP addresses attached...
[2025-03-13T10:29:11+00][INFO] VM 'cb-tools-vm-basic-01' has 1 public IP addresses attached.
[2025-03-13T10:29:11+00][INFO] Checking that VM 'cb-tools-vm-basic-01' has Basic SKU public IP addresses...
[2025-03-13T10:29:14+00][INFO] Public IP address SKUs for VM 'cb-tools-vm-basic-01' are Basic.
[2025-03-13T10:29:14+00][INFO] Checking that VM 'cb-tools-vm-basic-01' is not associated with a load balancer...
[2025-03-13T10:29:14+00][INFO] VM 'cb-tools-vm-basic-01' is not associated with a load balancer.
[2025-03-13T10:29:14+00][INFO] Checking that VM 'cb-tools-vm-basic-01' is not a member of an Availability Set...
[2025-03-13T10:29:14+00][INFO] VM 'cb-tools-vm-basic-01' is not a member of an Availability Set.
[2025-03-13T10:29:14+00][INFO] Checking that VM 'cb-tools-vm-basic-01' has a Network Security Group associated with each NIC...
[2025-03-13T10:29:18+00][INFO] VM 'cb-tools-vm-basic-01' has a Network Security Group associated with each NIC or subnet.
[2025-03-13T10:29:19+00][INFO] Setting all public IP addresses to static assignment...
[2025-03-13T10:29:19+00][INFO] Setting public IP address 'cb-tools-pip-basic-01' ('20.162.165.141') to static assignment...
[2025-03-13T10:30:12+00][INFO] Disassociating all public IP addresses from the VM...
[2025-03-13T10:30:12+00][INFO] Confirming that Public IP allocation is 'static' before disassociating...
[2025-03-13T10:30:15+00][INFO] Disassociating public IP address '/subscriptions/e44872b2-e898-46d0-800f-59752a564718/resourceGroups/cb-tools/providers/Microsoft.Network/publicIPAddresses/cb-tools-pip-basic-01' from VM 'cb-tools-vm-basic-01', NIC 'cb-tools-vm-basic-01577'...
[2025-03-13T10:30:16+00][INFO] Applying updates to the NIC 'cb-tools-vm-basic-01577'...
[2025-03-13T10:30:25+00][INFO] Upgrading all public IP addresses to Standard SKU...
[2025-03-13T10:30:25+00][INFO] Upgrading public IP address 'cb-tools-pip-basic-01' to Standard SKU...
[2025-03-13T10:30:28+00][INFO] Reassociating all public IP addresses to the VM...
[2025-03-13T10:30:28+00][INFO] Reassociating public IP address '/subscriptions/e44872b2-e898-46d0-800f-59752a564718/resourceGroups/cb-tools/providers/Microsoft.Network/publicIPAddresses/cb-tools-pip-basic-01' to VM 'cb-tools-vm-basic-01', NIC 'cb-tools-vm-basic-01577'...
[2025-03-13T10:30:29+00][INFO] Applying updates to the NIC 'cb-tools-vm-basic-01577'...
[2025-03-13T10:30:33+00][INFO] Upgrade of VM 'cb-tools-vm-basic-01' complete.'
[2025-03-13T10:30:33+00][INFO] ####### Upgrade process complete. #######
